<?xml version="1.0" encoding="UTF-8"?>
<robot generator="Robot 7.0 (Python 3.12.3 on linux)" generated="2024-08-10T17:47:14.061987" rpa="false" schemaversion="5">
<suite id="s1" name="Test" source="/home/dharshu-lappy/Projects/try-RF/tests/test.robot">
<test id="s1-t1" name="Login Test" line="11">
<kw name="Open Browser" owner="SeleniumLibrary">
<msg time="2024-08-10T17:47:14.148457" level="INFO">Opening browser 'chrome' to base url 'https://qa.boxly.ai'.</msg>
<arg>${URL}</arg>
<arg>${BROWSER}</arg>
<doc>Opens a new browser instance to the optional ``url``.</doc>
<status status="PASS" start="2024-08-10T17:47:14.148257" elapsed="1.532507"/>
</kw>
<kw name="Maximize Browser Window" owner="SeleniumLibrary">
<doc>Maximizes current browser window.</doc>
<status status="PASS" start="2024-08-10T17:47:15.680990" elapsed="0.014851"/>
</kw>
<kw name="Wait Until Element Is Visible" owner="SeleniumLibrary">
<arg>data:testid:input-text-field</arg>
<doc>Waits until the element ``locator`` is visible.</doc>
<status status="PASS" start="2024-08-10T17:47:15.696577" elapsed="0.662308"/>
</kw>
<kw name="Input Text" owner="SeleniumLibrary">
<msg time="2024-08-10T17:47:16.359276" level="INFO">Typing text 'kishore7into24+mobile@gmail.com' into text field 'data:testid:input-text-field'.</msg>
<arg>data:testid:input-text-field</arg>
<arg>${EMAIL}</arg>
<doc>Types the given ``text`` into the text field identified by ``locator``.</doc>
<status status="PASS" start="2024-08-10T17:47:16.359086" elapsed="0.113344"/>
</kw>
<kw name="Wait Until Element Is Visible" owner="SeleniumLibrary">
<arg>data:testid:password-field</arg>
<doc>Waits until the element ``locator`` is visible.</doc>
<status status="PASS" start="2024-08-10T17:47:16.473269" elapsed="0.025633"/>
</kw>
<kw name="Input Text" owner="SeleniumLibrary">
<msg time="2024-08-10T17:47:16.501510" level="INFO">Typing text 'Admin@123' into text field 'data:testid:password-field'.</msg>
<arg>data:testid:password-field</arg>
<arg>${PASSWORD}</arg>
<doc>Types the given ``text`` into the text field identified by ``locator``.</doc>
<status status="PASS" start="2024-08-10T17:47:16.500566" elapsed="0.096236"/>
</kw>
<kw name="Click Button" owner="SeleniumLibrary">
<msg time="2024-08-10T17:47:16.597329" level="INFO">Clicking button 'id:Login'.</msg>
<arg>id:Login</arg>
<doc>Clicks the button identified by ``locator``.</doc>
<status status="PASS" start="2024-08-10T17:47:16.597069" elapsed="0.050353"/>
</kw>
<kw name="Sleep" owner="BuiltIn">
<msg time="2024-08-10T17:47:21.648244" level="INFO">Slept 5 seconds.</msg>
<arg>5</arg>
<doc>Pauses the test executed for the given time.</doc>
<status status="PASS" start="2024-08-10T17:47:16.647769" elapsed="5.000664"/>
</kw>
<kw name="Capture Page Screenshot" owner="SeleniumLibrary">
<msg time="2024-08-10T17:47:21.771222" level="INFO" html="true">&lt;/td&gt;&lt;/tr&gt;&lt;tr&gt;&lt;td colspan="3"&gt;&lt;a href="selenium-screenshot-7.png"&gt;&lt;img src="selenium-screenshot-7.png" width="800px"&gt;&lt;/a&gt;</msg>
<doc>Takes a screenshot of the current page and embeds it into a log file.</doc>
<status status="PASS" start="2024-08-10T17:47:21.648684" elapsed="0.122879"/>
</kw>
<kw name="Close Browser" owner="SeleniumLibrary">
<doc>Closes the current browser.</doc>
<status status="PASS" start="2024-08-10T17:47:21.771802" elapsed="0.082440"/>
</kw>
<status status="PASS" start="2024-08-10T17:47:14.147722" elapsed="7.706866"/>
</test>
<status status="PASS" start="2024-08-10T17:47:14.062632" elapsed="7.792862"/>
</suite>
<statistics>
<total>
<stat pass="1" fail="0" skip="0">All Tests</stat>
</total>
<tag>
</tag>
<suite>
<stat pass="1" fail="0" skip="0" id="s1" name="Test">Test</stat>
</suite>
</statistics>
<errors>
</errors>
</robot>
